Using pre-set license
Built from '2021.3/staging' branch; Version is '2021.3.23f1 (213b516bf396) revision 2177873'; Using compiler version '192829333'; Build Type 'Release'
OS: 'Windows 11  (10.0.22621) 64bit Professional' Language: 'ja' Physical Memory: 16055 MB
BatchMode: 1, IsHumanControllingUs: 0, StartBugReporterOnCrash: 0, Is64bit: 1, IsPro: 1

COMMAND LINE ARGUMENTS:
C:\Program Files\Unity\Hub\Editor\2021.3.23f1\Editor\Unity.exe
-adb2
-batchMode
-noUpm
-name
AssetImportWorker2
-projectPath
<<<<<<< HEAD
C:/Users/miyata chesn/second/second/second
-logFile
Logs/AssetImportWorker2.log
-srvPort
55809
Successfully changed project path to: C:/Users/miyata chesn/second/second/second
C:/Users/miyata chesn/second/second/second
=======
C:/Users/shin1/second
-logFile
Logs/AssetImportWorker2.log
-srvPort
61846
Successfully changed project path to: C:/Users/shin1/second
C:/Users/shin1/second
>>>>>>> fbf811fe91dae7d949aeef9ca2a2b9d07580e62d
[UnityMemory] Configuration Parameters - Can be set up in boot.config
    "memorysetup-bucket-allocator-granularity=16"
    "memorysetup-bucket-allocator-bucket-count=8"
    "memorysetup-bucket-allocator-block-size=33554432"
    "memorysetup-bucket-allocator-block-count=8"
    "memorysetup-main-allocator-block-size=16777216"
    "memorysetup-thread-allocator-block-size=16777216"
    "memorysetup-gfx-main-allocator-block-size=16777216"
    "memorysetup-gfx-thread-allocator-block-size=16777216"
    "memorysetup-cache-allocator-block-size=4194304"
    "memorysetup-typetree-allocator-block-size=2097152"
    "memorysetup-profiler-bucket-allocator-granularity=16"
    "memorysetup-profiler-bucket-allocator-bucket-count=8"
    "memorysetup-profiler-bucket-allocator-block-size=33554432"
    "memorysetup-profiler-bucket-allocator-block-count=8"
    "memorysetup-profiler-allocator-block-size=16777216"
    "memorysetup-profiler-editor-allocator-block-size=1048576"
    "memorysetup-temp-allocator-size-main=16777216"
    "memorysetup-job-temp-allocator-block-size=2097152"
    "memorysetup-job-temp-allocator-block-size-background=1048576"
    "memorysetup-job-temp-allocator-reduction-small-platforms=262144"
    "memorysetup-temp-allocator-size-background-worker=32768"
    "memorysetup-temp-allocator-size-job-worker=262144"
    "memorysetup-temp-allocator-size-preload-manager=33554432"
    "memorysetup-temp-allocator-size-nav-mesh-worker=65536"
    "memorysetup-temp-allocator-size-audio-worker=65536"
    "memorysetup-temp-allocator-size-cloud-worker=32768"
    "memorysetup-temp-allocator-size-gi-baking-worker=262144"
    "memorysetup-temp-allocator-size-gfx=262144"
<<<<<<< HEAD
Player connection [13708] Host "[IP] 172.11.0.119 [Port] 0 [Flags] 2 [Guid] 463814096 [EditorId] 463814096 [Version] 1048832 [Id] WindowsEditor(7,DESKTOP-T89UQR6) [Debug] 1 [PackageName] WindowsEditor [ProjectName] Editor" joined multi-casting on [225.0.0.222:54997]...

Player connection [13708] Host "[IP] 172.11.0.119 [Port] 0 [Flags] 2 [Guid] 463814096 [EditorId] 463814096 [Version] 1048832 [Id] WindowsEditor(7,DESKTOP-T89UQR6) [Debug] 1 [PackageName] WindowsEditor [ProjectName] Editor" joined alternative multi-casting on [225.0.0.222:34997]...

Refreshing native plugins compatible for Editor in 182.22 ms, found 4 plugins.
Preloading 0 native plugins for Editor in 0.00 ms.
Initialize engine version: 2021.3.23f1 (213b516bf396)
[Subsystems] Discovering subsystems at path C:/Program Files/Unity/Hub/Editor/2021.3.23f1/Editor/Data/Resources/UnitySubsystems
[Subsystems] Discovering subsystems at path C:/Users/miyata chesn/second/second/second/Assets
=======
Player connection [35988] Host "[IP] 192.168.11.6 [Port] 0 [Flags] 2 [Guid] 2715277756 [EditorId] 2715277756 [Version] 1048832 [Id] WindowsEditor(7,DESKTOP-A769AGK) [Debug] 1 [PackageName] WindowsEditor [ProjectName] Editor" joined multi-casting on [225.0.0.222:54997]...

Player connection [35988] Host "[IP] 192.168.11.6 [Port] 0 [Flags] 2 [Guid] 2715277756 [EditorId] 2715277756 [Version] 1048832 [Id] WindowsEditor(7,DESKTOP-A769AGK) [Debug] 1 [PackageName] WindowsEditor [ProjectName] Editor" joined alternative multi-casting on [225.0.0.222:34997]...

Refreshing native plugins compatible for Editor in 137.65 ms, found 4 plugins.
Preloading 0 native plugins for Editor in 0.00 ms.
Initialize engine version: 2021.3.23f1 (213b516bf396)
[Subsystems] Discovering subsystems at path C:/Program Files/Unity/Hub/Editor/2021.3.23f1/Editor/Data/Resources/UnitySubsystems
[Subsystems] Discovering subsystems at path C:/Users/shin1/second/Assets
>>>>>>> fbf811fe91dae7d949aeef9ca2a2b9d07580e62d
GfxDevice: creating device client; threaded=0; jobified=0
Direct3D:
    Version:  Direct3D 11.0 [level 11.1]
    Renderer: Intel(R) Iris(R) Xe Graphics (ID=0x46a6)
    Vendor:   Intel
    VRAM:     8027 MB
    Driver:   30.0.101.1631
Initialize mono
Mono path[0] = 'C:/Program Files/Unity/Hub/Editor/2021.3.23f1/Editor/Data/Managed'
Mono path[1] = 'C:/Program Files/Unity/Hub/Editor/2021.3.23f1/Editor/Data/MonoBleedingEdge/lib/mono/unityjit-win32'
Mono config path = 'C:/Program Files/Unity/Hub/Editor/2021.3.23f1/Editor/Data/MonoBleedingEdge/etc'
<<<<<<< HEAD
Using monoOptions --debugger-agent=transport=dt_socket,embedding=1,server=y,suspend=n,address=127.0.0.1:56924
=======
Using monoOptions --debugger-agent=transport=dt_socket,embedding=1,server=y,suspend=n,address=127.0.0.1:56088
>>>>>>> fbf811fe91dae7d949aeef9ca2a2b9d07580e62d
Begin MonoManager ReloadAssembly
Registering precompiled unity dll's ...
Register platform support module: C:/Program Files/Unity/Hub/Editor/2021.3.23f1/Editor/Data/PlaybackEngines/WindowsStandaloneSupport/UnityEditor.WindowsStandalone.Extensions.dll
<<<<<<< HEAD
Registered in 0.009555 seconds.
Native extension for WindowsStandalone target not found
Native extension for WebGL target not found
Refreshing native plugins compatible for Editor in 61.04 ms, found 4 plugins.
Preloading 0 native plugins for Editor in 0.00 ms.
Mono: successfully reloaded assembly
- Completed reload, in  0.877 seconds
Domain Reload Profiling:
	ReloadAssembly (877ms)
		BeginReloadAssembly (373ms)
=======
Registered in 0.007400 seconds.
Native extension for WindowsStandalone target not found
Refreshing native plugins compatible for Editor in 119.65 ms, found 4 plugins.
Preloading 0 native plugins for Editor in 0.00 ms.
Mono: successfully reloaded assembly
- Completed reload, in  0.998 seconds
Domain Reload Profiling:
	ReloadAssembly (999ms)
		BeginReloadAssembly (105ms)
>>>>>>> fbf811fe91dae7d949aeef9ca2a2b9d07580e62d
			ExecutionOrderSort (0ms)
			DisableScriptedObjects (0ms)
			BackupInstance (0ms)
			ReleaseScriptingObjects (0ms)
			CreateAndSetChildDomain (1ms)
<<<<<<< HEAD
		EndReloadAssembly (394ms)
			LoadAssemblies (378ms)
			RebuildTransferFunctionScriptingTraits (0ms)
			SetupTypeCache (112ms)
			ReleaseScriptCaches (0ms)
			RebuildScriptCaches (21ms)
			SetupLoadedEditorAssemblies (209ms)
				LogAssemblyErrors (0ms)
				InitializePlatformSupportModulesInManaged (8ms)
				SetLoadedEditorAssemblies (0ms)
				RefreshPlugins (61ms)
				BeforeProcessingInitializeOnLoad (1ms)
				ProcessInitializeOnLoadAttributes (98ms)
				ProcessInitializeOnLoadMethodAttributes (40ms)
=======
		EndReloadAssembly (761ms)
			LoadAssemblies (102ms)
			RebuildTransferFunctionScriptingTraits (0ms)
			SetupTypeCache (230ms)
			ReleaseScriptCaches (0ms)
			RebuildScriptCaches (41ms)
			SetupLoadedEditorAssemblies (389ms)
				LogAssemblyErrors (0ms)
				InitializePlatformSupportModulesInManaged (11ms)
				SetLoadedEditorAssemblies (1ms)
				RefreshPlugins (120ms)
				BeforeProcessingInitializeOnLoad (3ms)
				ProcessInitializeOnLoadAttributes (189ms)
				ProcessInitializeOnLoadMethodAttributes (66ms)
>>>>>>> fbf811fe91dae7d949aeef9ca2a2b9d07580e62d
				AfterProcessingInitializeOnLoad (0ms)
				EditorAssembliesLoaded (0ms)
			ExecutionOrderSort2 (0ms)
			AwakeInstancesAfterBackupRestoration (0ms)
Platform modules already initialized, skipping
Registering precompiled user dll's ...
<<<<<<< HEAD
Registered in 0.025576 seconds.
Begin MonoManager ReloadAssembly
Symbol file LoadedFromMemory doesn't match image C:\Users\miyata chesn\second\second\second\Library\PackageCache\com.unity.visualscripting@1.8.0\Editor\VisualScripting.Core\Dependencies\YamlDotNet\Unity.VisualScripting.YamlDotNet.dll
Symbol file LoadedFromMemory doesn't match image C:\Users\miyata chesn\second\second\second\Library\PackageCache\com.unity.visualscripting@1.8.0\Editor\VisualScripting.Core\Dependencies\DotNetZip\Unity.VisualScripting.IonicZip.dll
Native extension for WindowsStandalone target not found
Native extension for WebGL target not found
Refreshing native plugins compatible for Editor in 59.18 ms, found 4 plugins.
Preloading 0 native plugins for Editor in 0.00 ms.
Mono: successfully reloaded assembly
- Completed reload, in  1.390 seconds
Domain Reload Profiling:
	ReloadAssembly (1390ms)
		BeginReloadAssembly (344ms)
=======
Registered in 0.007236 seconds.
Begin MonoManager ReloadAssembly
Symbol file LoadedFromMemory doesn't match image C:\Users\shin1\second\Library\PackageCache\com.unity.visualscripting@1.8.0\Editor\VisualScripting.Core\Dependencies\YamlDotNet\Unity.VisualScripting.YamlDotNet.dll
Symbol file LoadedFromMemory doesn't match image C:\Users\shin1\second\Library\PackageCache\com.unity.visualscripting@1.8.0\Editor\VisualScripting.Core\Dependencies\DotNetZip\Unity.VisualScripting.IonicZip.dll
Native extension for WindowsStandalone target not found
Refreshing native plugins compatible for Editor in 87.84 ms, found 4 plugins.
Preloading 0 native plugins for Editor in 0.00 ms.
Mono: successfully reloaded assembly
- Completed reload, in  1.327 seconds
Domain Reload Profiling:
	ReloadAssembly (1328ms)
		BeginReloadAssembly (146ms)
>>>>>>> fbf811fe91dae7d949aeef9ca2a2b9d07580e62d
			ExecutionOrderSort (0ms)
			DisableScriptedObjects (6ms)
			BackupInstance (0ms)
			ReleaseScriptingObjects (0ms)
<<<<<<< HEAD
			CreateAndSetChildDomain (17ms)
		EndReloadAssembly (900ms)
			LoadAssemblies (444ms)
			RebuildTransferFunctionScriptingTraits (0ms)
			SetupTypeCache (232ms)
			ReleaseScriptCaches (0ms)
			RebuildScriptCaches (53ms)
			SetupLoadedEditorAssemblies (374ms)
				LogAssemblyErrors (0ms)
				InitializePlatformSupportModulesInManaged (5ms)
				SetLoadedEditorAssemblies (0ms)
				RefreshPlugins (59ms)
				BeforeProcessingInitializeOnLoad (80ms)
				ProcessInitializeOnLoadAttributes (183ms)
				ProcessInitializeOnLoadMethodAttributes (37ms)
				AfterProcessingInitializeOnLoad (9ms)
				EditorAssembliesLoaded (0ms)
			ExecutionOrderSort2 (0ms)
			AwakeInstancesAfterBackupRestoration (5ms)
Platform modules already initialized, skipping
========================================================================
Worker process is ready to serve import requests
Launched and connected shader compiler UnityShaderCompiler.exe after 0.11 seconds
Refreshing native plugins compatible for Editor in 0.57 ms, found 4 plugins.
Preloading 0 native plugins for Editor in 0.00 ms.
Unloading 3799 Unused Serialized files (Serialized files now loaded: 0)
Unloading 35 unused Assets / (56.6 KB). Loaded Objects now: 4260.
Memory consumption went from 146.6 MB to 146.6 MB.
Total: 2.803600 ms (FindLiveObjects: 0.239500 ms CreateObjectMapping: 0.101900 ms MarkObjects: 2.377700 ms  DeleteObjects: 0.083300 ms)

AssetImportParameters requested are different than current active one (requested -> active):
  custom:video-decoder-ogg-theora: a1e56fd34408186e4bbccfd4996cb3dc -> 
  custom:container-muxer-webm: aa71ff27fc2769a1b78a27578f13a17b -> 
  custom:container-demuxer-webm: 4f35f7cbe854078d1ac9338744f61a02 -> 
  custom:video-encoder-webm-vp8: eb34c28f22e8b96e1ab97ce403110664 -> 
  custom:video-codec-MediaFoundation-h265: 746d11721c4dcdbdad8f713fa42b33f4 -> 
  custom:audio-encoder-webm-vorbis: bf7c407c2cedff20999df2af8eb42d56 -> 
  custom:framework-win-MediaFoundation: 216162199b28c13a410421893ffa2e32 -> 
  custom:container-demuxer-ogg: 62fdf1f143b41e24485cea50d1cbac27 -> 
  custom:video-decoder-webm-vp8: 9c59270c3fd7afecdb556c50c9e8de78 -> 
  custom:audio-decoder-ogg-vorbis: bf7c407c2cedff20999df2af8eb42d56 -> 
========================================================================
Received Prepare
Registering precompiled user dll's ...
Registered in 0.023241 seconds.
Begin MonoManager ReloadAssembly
Symbol file LoadedFromMemory doesn't match image C:\Users\miyata chesn\second\second\second\Library\PackageCache\com.unity.visualscripting@1.8.0\Editor\VisualScripting.Core\Dependencies\YamlDotNet\Unity.VisualScripting.YamlDotNet.dll
Symbol file LoadedFromMemory doesn't match image C:\Users\miyata chesn\second\second\second\Library\PackageCache\com.unity.visualscripting@1.8.0\Editor\VisualScripting.Core\Dependencies\DotNetZip\Unity.VisualScripting.IonicZip.dll
Native extension for WindowsStandalone target not found
Native extension for WebGL target not found
Refreshing native plugins compatible for Editor in 0.51 ms, found 4 plugins.
Preloading 0 native plugins for Editor in 0.00 ms.
Mono: successfully reloaded assembly
- Completed reload, in  1.439 seconds
Domain Reload Profiling:
	ReloadAssembly (1440ms)
		BeginReloadAssembly (505ms)
			ExecutionOrderSort (0ms)
			DisableScriptedObjects (7ms)
			BackupInstance (0ms)
			ReleaseScriptingObjects (0ms)
			CreateAndSetChildDomain (29ms)
		EndReloadAssembly (809ms)
			LoadAssemblies (558ms)
			RebuildTransferFunctionScriptingTraits (0ms)
			SetupTypeCache (285ms)
			ReleaseScriptCaches (1ms)
			RebuildScriptCaches (41ms)
			SetupLoadedEditorAssemblies (257ms)
				LogAssemblyErrors (0ms)
				InitializePlatformSupportModulesInManaged (6ms)
				SetLoadedEditorAssemblies (0ms)
				RefreshPlugins (1ms)
				BeforeProcessingInitializeOnLoad (60ms)
				ProcessInitializeOnLoadAttributes (152ms)
				ProcessInitializeOnLoadMethodAttributes (27ms)
				AfterProcessingInitializeOnLoad (10ms)
				EditorAssembliesLoaded (0ms)
			ExecutionOrderSort2 (0ms)
			AwakeInstancesAfterBackupRestoration (6ms)
Platform modules already initialized, skipping
Refreshing native plugins compatible for Editor in 4.40 ms, found 4 plugins.
Preloading 0 native plugins for Editor in 0.00 ms.
Unloading 3775 Unused Serialized files (Serialized files now loaded: 0)
Unloading 22 unused Assets / (25.6 KB). Loaded Objects now: 4263.
Memory consumption went from 144.1 MB to 144.1 MB.
Total: 2.623200 ms (FindLiveObjects: 0.194800 ms CreateObjectMapping: 0.097600 ms MarkObjects: 2.300400 ms  DeleteObjects: 0.028900 ms)

AssetImportParameters requested are different than current active one (requested -> active):
  custom:video-decoder-ogg-theora: a1e56fd34408186e4bbccfd4996cb3dc -> 
  custom:container-muxer-webm: aa71ff27fc2769a1b78a27578f13a17b -> 
  custom:container-demuxer-webm: 4f35f7cbe854078d1ac9338744f61a02 -> 
  custom:video-encoder-webm-vp8: eb34c28f22e8b96e1ab97ce403110664 -> 
  custom:video-codec-MediaFoundation-h265: 746d11721c4dcdbdad8f713fa42b33f4 -> 
  custom:audio-encoder-webm-vorbis: bf7c407c2cedff20999df2af8eb42d56 -> 
  custom:framework-win-MediaFoundation: 216162199b28c13a410421893ffa2e32 -> 
  custom:container-demuxer-ogg: 62fdf1f143b41e24485cea50d1cbac27 -> 
  custom:video-decoder-webm-vp8: 9c59270c3fd7afecdb556c50c9e8de78 -> 
  custom:audio-decoder-ogg-vorbis: bf7c407c2cedff20999df2af8eb42d56 -> 
========================================================================
Received Import Request.
  Time since last request: 127063.238338 seconds.
  path: Assets/scripts/collectionsc.cs
  artifactKey: Guid(521710fe7dfe8504caaec806f7a2ba78) Importer(815301076,1909f56bfc062723c751e8b465ee728b)
Start importing Assets/scripts/collectionsc.cs using Guid(521710fe7dfe8504caaec806f7a2ba78) Importer(815301076,1909f56bfc062723c751e8b465ee728b)  -> (artifact id: '35523b668061acc26f5ce1f8d1590726') in 0.046285 seconds 
========================================================================
Received Import Request.
  Time since last request: 53.452659 seconds.
  path: Assets/images/ankou2.png
  artifactKey: Guid(820484997c320764ca961ee3381a3890) Importer(815301076,1909f56bfc062723c751e8b465ee728b)
Start importing Assets/images/ankou2.png using Guid(820484997c320764ca961ee3381a3890) Importer(815301076,1909f56bfc062723c751e8b465ee728b)  -> (artifact id: 'e6748ace926bc72697d6342520c99dc3') in 0.142667 seconds 
========================================================================
Received Import Request.
  Time since last request: 0.000037 seconds.
  path: Assets/images/ankoudead.png
  artifactKey: Guid(f6aea0ceb3bd92f49a0d5d2e765895c1) Importer(815301076,1909f56bfc062723c751e8b465ee728b)
Start importing Assets/images/ankoudead.png using Guid(f6aea0ceb3bd92f49a0d5d2e765895c1) Importer(815301076,1909f56bfc062723c751e8b465ee728b)  -> (artifact id: 'b6ee99ebba707effd3289fd4a4b7826d') in 0.058597 seconds 
========================================================================
Received Import Request.
  Time since last request: 0.000043 seconds.
  path: Assets/images/human.png
  artifactKey: Guid(e7c566bdcac0cba4e977b559d4dd52fd) Importer(815301076,1909f56bfc062723c751e8b465ee728b)
Start importing Assets/images/human.png using Guid(e7c566bdcac0cba4e977b559d4dd52fd) Importer(815301076,1909f56bfc062723c751e8b465ee728b)  -> (artifact id: 'af9650014a40d2010f2ef37083011380') in 0.035445 seconds 
========================================================================
Received Import Request.
  Time since last request: 0.000034 seconds.
  path: Assets/images/colona.png
  artifactKey: Guid(3054a3c35056c064fb49de2c43d7f92d) Importer(815301076,1909f56bfc062723c751e8b465ee728b)
Start importing Assets/images/colona.png using Guid(3054a3c35056c064fb49de2c43d7f92d) Importer(815301076,1909f56bfc062723c751e8b465ee728b)  -> (artifact id: 'af2b8fc05efa88fffd268b9f6c181abc') in 0.032792 seconds 
========================================================================
Received Import Request.
  Time since last request: 0.000030 seconds.
  path: Assets/images/kaisou4.gif
  artifactKey: Guid(b6d6adf81ea77b64daff74f30a289c2e) Importer(815301076,1909f56bfc062723c751e8b465ee728b)
Start importing Assets/images/kaisou4.gif using Guid(b6d6adf81ea77b64daff74f30a289c2e) Importer(815301076,1909f56bfc062723c751e8b465ee728b)  -> (artifact id: '2e429b59b9a83a2a5b47100a4cd0d290') in 0.044082 seconds 
========================================================================
Received Import Request.
  Time since last request: 0.000025 seconds.
  path: Assets/images/jumpdead.png
  artifactKey: Guid(c6ed247a5e2bd5c4f9d472a29259151f) Importer(815301076,1909f56bfc062723c751e8b465ee728b)
Start importing Assets/images/jumpdead.png using Guid(c6ed247a5e2bd5c4f9d472a29259151f) Importer(815301076,1909f56bfc062723c751e8b465ee728b)  -> (artifact id: '7d02a1c993081891d28cbe1ad239cd81') in 0.041224 seconds 
========================================================================
Received Import Request.
  Time since last request: 0.000052 seconds.
  path: Assets/images/colddead1.png
  artifactKey: Guid(f648e2270d5db9e419b8913c4c7416ab) Importer(815301076,1909f56bfc062723c751e8b465ee728b)
Start importing Assets/images/colddead1.png using Guid(f648e2270d5db9e419b8913c4c7416ab) Importer(815301076,1909f56bfc062723c751e8b465ee728b)  -> (artifact id: '5444cda16573841fc1b1ac465dd74a40') in 0.040057 seconds 
========================================================================
Received Import Request.
  Time since last request: 0.000027 seconds.
  path: Assets/images/kimoman2.png
  artifactKey: Guid(a7d7c731b1750c54380f837ab3f999c5) Importer(815301076,1909f56bfc062723c751e8b465ee728b)
Start importing Assets/images/kimoman2.png using Guid(a7d7c731b1750c54380f837ab3f999c5) Importer(815301076,1909f56bfc062723c751e8b465ee728b)  -> (artifact id: '55d0e25e42de5edac27cf721d07f4fb2') in 0.043485 seconds 
========================================================================
Received Import Request.
  Time since last request: 0.000051 seconds.
  path: Assets/images/midbuble.png
  artifactKey: Guid(be7c191987098d0488f849b6458282a1) Importer(815301076,1909f56bfc062723c751e8b465ee728b)
Start importing Assets/images/midbuble.png using Guid(be7c191987098d0488f849b6458282a1) Importer(815301076,1909f56bfc062723c751e8b465ee728b)  -> (artifact id: '3733c58225cad0534edbe277c44c757e') in 0.037033 seconds 
========================================================================
Received Import Request.
  Time since last request: 0.000136 seconds.
  path: Assets/images/fishdead.png
  artifactKey: Guid(5d7c8efb7f98c584dacb8d45b972a56d) Importer(815301076,1909f56bfc062723c751e8b465ee728b)
Start importing Assets/images/fishdead.png using Guid(5d7c8efb7f98c584dacb8d45b972a56d) Importer(815301076,1909f56bfc062723c751e8b465ee728b)  -> (artifact id: '9c556f0e8683b303a4dd58e20508d709') in 0.059076 seconds 
========================================================================
Received Import Request.
  Time since last request: 0.000087 seconds.
  path: Assets/images/bigbuble.png
  artifactKey: Guid(02eaae5a740412144bcfec7db7bb4bfd) Importer(815301076,1909f56bfc062723c751e8b465ee728b)
Start importing Assets/images/bigbuble.png using Guid(02eaae5a740412144bcfec7db7bb4bfd) Importer(815301076,1909f56bfc062723c751e8b465ee728b)  -> (artifact id: '8eec50af1b39f1571b441598f8c377d6') in 0.039654 seconds 
========================================================================
Received Import Request.
  Time since last request: 0.000022 seconds.
  path: Assets/images/manbousitai2.png
  artifactKey: Guid(a06adb82554206348af196cf44329446) Importer(815301076,1909f56bfc062723c751e8b465ee728b)
Start importing Assets/images/manbousitai2.png using Guid(a06adb82554206348af196cf44329446) Importer(815301076,1909f56bfc062723c751e8b465ee728b)  -> (artifact id: 'd1fbde11010ed894273ca4011e46f229') in 0.038241 seconds 
========================================================================
Received Import Request.
  Time since last request: 0.000028 seconds.
  path: Assets/images/hitode.png
  artifactKey: Guid(5065e8614827d824a9a499c5c1f6e0be) Importer(815301076,1909f56bfc062723c751e8b465ee728b)
Start importing Assets/images/hitode.png using Guid(5065e8614827d824a9a499c5c1f6e0be) Importer(815301076,1909f56bfc062723c751e8b465ee728b)  -> (artifact id: '5a5ccaf170fbe56ee93417e7c38c34c7') in 0.035379 seconds 
========================================================================
Received Import Request.
  Time since last request: 0.000040 seconds.
  path: Assets/images/kaisou2.gif
  artifactKey: Guid(dcb17086a3cf623469e8ff67fbbf0d50) Importer(815301076,1909f56bfc062723c751e8b465ee728b)
Start importing Assets/images/kaisou2.gif using Guid(dcb17086a3cf623469e8ff67fbbf0d50) Importer(815301076,1909f56bfc062723c751e8b465ee728b)  -> (artifact id: '64a5c6089b6c2ff07db4f0c8f264b013') in 0.044559 seconds 
========================================================================
Received Import Request.
  Time since last request: 0.000025 seconds.
  path: Assets/images/manbou1.png
  artifactKey: Guid(b246b4f61ffc8fc4688edee9c7075315) Importer(815301076,1909f56bfc062723c751e8b465ee728b)
Start importing Assets/images/manbou1.png using Guid(b246b4f61ffc8fc4688edee9c7075315) Importer(815301076,1909f56bfc062723c751e8b465ee728b)  -> (artifact id: 'aac1058cc120f72d8f8a2a9e6a2e0cd8') in 0.040542 seconds 
========================================================================
Received Import Request.
  Time since last request: 0.000029 seconds.
  path: Assets/images/kimoman1.png
  artifactKey: Guid(ea458cc7a5c069146afa602f14278c65) Importer(815301076,1909f56bfc062723c751e8b465ee728b)
Start importing Assets/images/kimoman1.png using Guid(ea458cc7a5c069146afa602f14278c65) Importer(815301076,1909f56bfc062723c751e8b465ee728b)  -> (artifact id: '2f19551b8e0d82cabc2e803db5063b52') in 0.040239 seconds 
========================================================================
Received Import Request.
  Time since last request: 0.000029 seconds.
  path: Assets/images/manbousitai1.png
  artifactKey: Guid(081c695fab3db2946bbc238aba85cef0) Importer(815301076,1909f56bfc062723c751e8b465ee728b)
Start importing Assets/images/manbousitai1.png using Guid(081c695fab3db2946bbc238aba85cef0) Importer(815301076,1909f56bfc062723c751e8b465ee728b)  -> (artifact id: 'fc3f3b6ebefa5adb97b40f84d347b28c') in 0.041366 seconds 
========================================================================
Received Import Request.
  Time since last request: 0.000037 seconds.
  path: Assets/images/manbousitai3.png
  artifactKey: Guid(6cfe70116da607e4cbaf7b387be3be98) Importer(815301076,1909f56bfc062723c751e8b465ee728b)
Start importing Assets/images/manbousitai3.png using Guid(6cfe70116da607e4cbaf7b387be3be98) Importer(815301076,1909f56bfc062723c751e8b465ee728b)  -> (artifact id: '5b40b318132f31f1d47bd6787aa01898') in 0.036593 seconds 
========================================================================
Received Import Request.
  Time since last request: 0.000041 seconds.
  path: Assets/images/BubleBlock.png
  artifactKey: Guid(c994791b7e1fa654caee7f084f0f405d) Importer(815301076,1909f56bfc062723c751e8b465ee728b)
Start importing Assets/images/BubleBlock.png using Guid(c994791b7e1fa654caee7f084f0f405d) Importer(815301076,1909f56bfc062723c751e8b465ee728b)  -> (artifact id: 'fe08d387410cf936b035f92a9596352b') in 0.034777 seconds 
========================================================================
Received Import Request.
  Time since last request: 2.341915 seconds.
  path: Assets/images/proteindead.png
  artifactKey: Guid(49ba2eb318d662442a503b38069c0d84) Importer(815301076,1909f56bfc062723c751e8b465ee728b)
Start importing Assets/images/proteindead.png using Guid(49ba2eb318d662442a503b38069c0d84) Importer(815301076,1909f56bfc062723c751e8b465ee728b)  -> (artifact id: '4db2e5b7581078c40cc109186bab5596') in 0.045516 seconds 
========================================================================
Received Import Request.
  Time since last request: 0.000023 seconds.
  path: Assets/images/まんぼう.png
  artifactKey: Guid(c77578f5c4d8590449bec102dc8bfb85) Importer(815301076,1909f56bfc062723c751e8b465ee728b)
Start importing Assets/images/まんぼう.png using Guid(c77578f5c4d8590449bec102dc8bfb85) Importer(815301076,1909f56bfc062723c751e8b465ee728b)  -> (artifact id: 'af22051297facdcc9988681e41f5d82d') in 0.040636 seconds 
========================================================================
Received Import Request.
  Time since last request: 0.000029 seconds.
  path: Assets/images/shark2.png
  artifactKey: Guid(0a8bd2ff68c3f79409f768d53a67f3d3) Importer(815301076,1909f56bfc062723c751e8b465ee728b)
Start importing Assets/images/shark2.png using Guid(0a8bd2ff68c3f79409f768d53a67f3d3) Importer(815301076,1909f56bfc062723c751e8b465ee728b)  -> (artifact id: '1bc92edb95b9b455b9deda8ea351cefc') in 0.051623 seconds 
========================================================================
Received Import Request.
  Time since last request: 0.000025 seconds.
  path: Assets/images/shark1.png
  artifactKey: Guid(612e3978a4590d343b120b8feececa56) Importer(815301076,1909f56bfc062723c751e8b465ee728b)
Start importing Assets/images/shark1.png using Guid(612e3978a4590d343b120b8feececa56) Importer(815301076,1909f56bfc062723c751e8b465ee728b)  -> (artifact id: '773593806fccf7808947379016dc20d8') in 0.044972 seconds 
========================================================================
Received Prepare
Registering precompiled user dll's ...
Registered in 0.023104 seconds.
Begin MonoManager ReloadAssembly
Symbol file LoadedFromMemory doesn't match image C:\Users\miyata chesn\second\second\second\Library\PackageCache\com.unity.visualscripting@1.8.0\Editor\VisualScripting.Core\Dependencies\YamlDotNet\Unity.VisualScripting.YamlDotNet.dll
Symbol file LoadedFromMemory doesn't match image C:\Users\miyata chesn\second\second\second\Library\PackageCache\com.unity.visualscripting@1.8.0\Editor\VisualScripting.Core\Dependencies\DotNetZip\Unity.VisualScripting.IonicZip.dll
Native extension for WindowsStandalone target not found
Native extension for WebGL target not found
Refreshing native plugins compatible for Editor in 0.83 ms, found 4 plugins.
Preloading 0 native plugins for Editor in 0.00 ms.
Mono: successfully reloaded assembly
- Completed reload, in  2.096 seconds
Domain Reload Profiling:
	ReloadAssembly (2097ms)
		BeginReloadAssembly (607ms)
			ExecutionOrderSort (0ms)
			DisableScriptedObjects (10ms)
			BackupInstance (0ms)
			ReleaseScriptingObjects (0ms)
			CreateAndSetChildDomain (51ms)
		EndReloadAssembly (1310ms)
			LoadAssemblies (676ms)
			RebuildTransferFunctionScriptingTraits (0ms)
			SetupTypeCache (405ms)
			ReleaseScriptCaches (2ms)
			RebuildScriptCaches (70ms)
			SetupLoadedEditorAssemblies (489ms)
				LogAssemblyErrors (0ms)
				InitializePlatformSupportModulesInManaged (14ms)
				SetLoadedEditorAssemblies (1ms)
				RefreshPlugins (1ms)
				BeforeProcessingInitializeOnLoad (118ms)
				ProcessInitializeOnLoadAttributes (284ms)
				ProcessInitializeOnLoadMethodAttributes (54ms)
				AfterProcessingInitializeOnLoad (18ms)
				EditorAssembliesLoaded (0ms)
			ExecutionOrderSort2 (0ms)
			AwakeInstancesAfterBackupRestoration (13ms)
Platform modules already initialized, skipping
Refreshing native plugins compatible for Editor in 11.07 ms, found 4 plugins.
Preloading 0 native plugins for Editor in 0.00 ms.
Unloading 3775 Unused Serialized files (Serialized files now loaded: 0)
Unloading 22 unused Assets / (24.7 KB). Loaded Objects now: 4304.
Memory consumption went from 148.5 MB to 148.5 MB.
Total: 4.214200 ms (FindLiveObjects: 0.469700 ms CreateObjectMapping: 0.153000 ms MarkObjects: 3.556700 ms  DeleteObjects: 0.032400 ms)

AssetImportParameters requested are different than current active one (requested -> active):
  custom:video-decoder-ogg-theora: a1e56fd34408186e4bbccfd4996cb3dc -> 
  custom:container-muxer-webm: aa71ff27fc2769a1b78a27578f13a17b -> 
  custom:container-demuxer-webm: 4f35f7cbe854078d1ac9338744f61a02 -> 
  custom:video-encoder-webm-vp8: eb34c28f22e8b96e1ab97ce403110664 -> 
  custom:video-codec-MediaFoundation-h265: 746d11721c4dcdbdad8f713fa42b33f4 -> 
  custom:audio-encoder-webm-vorbis: bf7c407c2cedff20999df2af8eb42d56 -> 
  custom:framework-win-MediaFoundation: 216162199b28c13a410421893ffa2e32 -> 
  custom:container-demuxer-ogg: 62fdf1f143b41e24485cea50d1cbac27 -> 
  custom:video-decoder-webm-vp8: 9c59270c3fd7afecdb556c50c9e8de78 -> 
  custom:audio-decoder-ogg-vorbis: bf7c407c2cedff20999df2af8eb42d56 -> 
========================================================================
Received Prepare
Registering precompiled user dll's ...
Registered in 0.023481 seconds.
Begin MonoManager ReloadAssembly
Symbol file LoadedFromMemory doesn't match image C:\Users\miyata chesn\second\second\second\Library\PackageCache\com.unity.visualscripting@1.8.0\Editor\VisualScripting.Core\Dependencies\YamlDotNet\Unity.VisualScripting.YamlDotNet.dll
Symbol file LoadedFromMemory doesn't match image C:\Users\miyata chesn\second\second\second\Library\PackageCache\com.unity.visualscripting@1.8.0\Editor\VisualScripting.Core\Dependencies\DotNetZip\Unity.VisualScripting.IonicZip.dll
Native extension for WindowsStandalone target not found
Native extension for WebGL target not found
Refreshing native plugins compatible for Editor in 0.95 ms, found 4 plugins.
Preloading 0 native plugins for Editor in 0.00 ms.
Mono: successfully reloaded assembly
- Completed reload, in  2.203 seconds
Domain Reload Profiling:
	ReloadAssembly (2205ms)
		BeginReloadAssembly (640ms)
			ExecutionOrderSort (0ms)
			DisableScriptedObjects (10ms)
			BackupInstance (0ms)
			ReleaseScriptingObjects (0ms)
			CreateAndSetChildDomain (58ms)
		EndReloadAssembly (1382ms)
			LoadAssemblies (685ms)
			RebuildTransferFunctionScriptingTraits (0ms)
			SetupTypeCache (423ms)
			ReleaseScriptCaches (4ms)
			RebuildScriptCaches (79ms)
			SetupLoadedEditorAssemblies (530ms)
				LogAssemblyErrors (0ms)
				InitializePlatformSupportModulesInManaged (15ms)
				SetLoadedEditorAssemblies (1ms)
				RefreshPlugins (1ms)
				BeforeProcessingInitializeOnLoad (149ms)
				ProcessInitializeOnLoadAttributes (286ms)
				ProcessInitializeOnLoadMethodAttributes (58ms)
				AfterProcessingInitializeOnLoad (20ms)
				EditorAssembliesLoaded (0ms)
			ExecutionOrderSort2 (0ms)
			AwakeInstancesAfterBackupRestoration (10ms)
Platform modules already initialized, skipping
Refreshing native plugins compatible for Editor in 7.82 ms, found 4 plugins.
Preloading 0 native plugins for Editor in 0.00 ms.
Unloading 3775 Unused Serialized files (Serialized files now loaded: 0)
Unloading 22 unused Assets / (24.6 KB). Loaded Objects now: 4307.
Memory consumption went from 148.5 MB to 148.5 MB.
Total: 4.657900 ms (FindLiveObjects: 0.541000 ms CreateObjectMapping: 0.161600 ms MarkObjects: 3.904900 ms  DeleteObjects: 0.048600 ms)
=======
			CreateAndSetChildDomain (27ms)
		EndReloadAssembly (1049ms)
			LoadAssemblies (115ms)
			RebuildTransferFunctionScriptingTraits (0ms)
			SetupTypeCache (315ms)
			ReleaseScriptCaches (1ms)
			RebuildScriptCaches (76ms)
			SetupLoadedEditorAssemblies (492ms)
				LogAssemblyErrors (0ms)
				InitializePlatformSupportModulesInManaged (5ms)
				SetLoadedEditorAssemblies (0ms)
				RefreshPlugins (88ms)
				BeforeProcessingInitializeOnLoad (92ms)
				ProcessInitializeOnLoadAttributes (256ms)
				ProcessInitializeOnLoadMethodAttributes (44ms)
				AfterProcessingInitializeOnLoad (6ms)
				EditorAssembliesLoaded (0ms)
			ExecutionOrderSort2 (0ms)
			AwakeInstancesAfterBackupRestoration (7ms)
Platform modules already initialized, skipping
========================================================================
Worker process is ready to serve import requests
Launched and connected shader compiler UnityShaderCompiler.exe after 0.28 seconds
Refreshing native plugins compatible for Editor in 0.59 ms, found 4 plugins.
Preloading 0 native plugins for Editor in 0.00 ms.
Unloading 3799 Unused Serialized files (Serialized files now loaded: 0)
Unloading 35 unused Assets / (56.5 KB). Loaded Objects now: 4259.
Memory consumption went from 146.3 MB to 146.2 MB.
Total: 3.849000 ms (FindLiveObjects: 0.257200 ms CreateObjectMapping: 0.130800 ms MarkObjects: 3.359800 ms  DeleteObjects: 0.099800 ms)
>>>>>>> fbf811fe91dae7d949aeef9ca2a2b9d07580e62d

AssetImportParameters requested are different than current active one (requested -> active):
  custom:video-decoder-ogg-theora: a1e56fd34408186e4bbccfd4996cb3dc -> 
  custom:container-muxer-webm: aa71ff27fc2769a1b78a27578f13a17b -> 
  custom:container-demuxer-webm: 4f35f7cbe854078d1ac9338744f61a02 -> 
  custom:video-encoder-webm-vp8: eb34c28f22e8b96e1ab97ce403110664 -> 
  custom:video-codec-MediaFoundation-h265: 746d11721c4dcdbdad8f713fa42b33f4 -> 
  custom:audio-encoder-webm-vorbis: bf7c407c2cedff20999df2af8eb42d56 -> 
  custom:framework-win-MediaFoundation: 216162199b28c13a410421893ffa2e32 -> 
  custom:container-demuxer-ogg: 62fdf1f143b41e24485cea50d1cbac27 -> 
  custom:video-decoder-webm-vp8: 9c59270c3fd7afecdb556c50c9e8de78 -> 
  custom:audio-decoder-ogg-vorbis: bf7c407c2cedff20999df2af8eb42d56 -> 
Editor requested this worker to shutdown with reason: Scaling down because of idle timeout
AssetImportWorker is now disconnected from the server
Process exiting
Exiting without the bug reporter. Application will terminate with return code 0